yanbaojian/proguard/seeds.txt
me.naiyu.android.app.yanbaojian.R$anim: int abc_fade_in
me.naiyu.android.app.yanbaojian.R$anim: int abc_fade_out
me.naiyu.android.app.yanbaojian.R$anim: int abc_slide_in_bottom
me.naiyu.android.app.yanbaojian.R$anim: int abc_slide_in_top
me.naiyu.android.app.yanbaojian.R$anim: int abc_slide_out_bottom
me.naiyu.android.app.yanbaojian.R$anim: int abc_slide_out_top
me.naiyu.android.app.yanbaojian.R$attr: int actionBarDivider
me.naiyu.android.app.yanbaojian.R$attr: int actionBarItemBackground
me.naiyu.android.app.yanbaojian.R$attr: int actionBarSize
me.naiyu.android.app.yanbaojian.R$attr: int actionBarSplitStyle
me.naiyu.android.app.yanbaojian.R$attr: int actionBarStyle
me.naiyu.android.app.yanbaojian.R$attr: int actionBarTabBarStyle
me.naiyu.android.app.yanbaojian.R$attr: int actionBarTabStyle
me.naiyu.android.app.yanbaojian.R$attr: int actionBarTabTextStyle
me.naiyu.android.app.yanbaojian.R$attr: int actionBarWidgetTheme
me.naiyu.android.app.yanbaojian.R$attr: int actionButtonStyle
me.naiyu.android.app.yanbaojian.R$attr: int actionDropDownStyle
me.naiyu.android.app.yanbaojian.R$attr: int actionLayout
me.naiyu.android.app.yanbaojian.R$attr: int actionMenuTextAppearance
me.naiyu.android.app.yanbaojian.R$attr: int actionMenuTextColor
me.naiyu.android.app.yanbaojian.R$attr: int actionModeBackground
me.naiyu.android.app.yanbaojian.R$attr: int actionModeCloseButtonStyle
me.naiyu.android.app.yanbaojian.R$attr: int actionModeCloseDrawable
me.naiyu.android.app.yanbaojian.R$attr: int actionModeCopyDrawable
me.naiyu.android.app.yanbaojian.R$attr: int actionModeCutDrawable
me.naiyu.android.app.yanbaojian.R$attr: int actionModeFindDrawable
me.naiyu.android.app.yanbaojian.R$attr: int actionModePasteDrawable
me.naiyu.android.app.yanbaojian.R$attr: int actionModePopupWindowStyle
me.naiyu.android.app.yanbaojian.R$attr: int actionModeSelectAllDrawable
me.naiyu.android.app.yanbaojian.R$bool: int abc_action_bar_embed_tabs_pre_jb
me.naiyu.android.app.yanbaojian.R$bool: int abc_action_bar_expanded_action_views_exclusive
me.naiyu.android.app.yanbaojian.R$bool: int abc_config_actionMenuItemAllCaps
me.naiyu.android.app.yanbaojian.R$bool: int abc_config_allowActionMenuItemTextWithIcon
me.naiyu.android.app.yanbaojian.R$bool: int abc_config_showMenuShortcutsWhenKeyboardPresent
me.naiyu.android.app.yanbaojian.R$bool: int abc_split_action_bar_is_narrow
me.naiyu.android.app.yanbaojian.R$color: int abc_search_url_text_holo
me.naiyu.android.app.yanbaojian.R$color: int abc_search_url_text_normal
me.naiyu.android.app.yanbaojian.R$color: int abc_search_url_text_pressed
me.naiyu.android.app.yanbaojian.R$color: int abc_search_url_text_selected
me.naiyu.android.app.yanbaojian.R$color: int common_bg
me.naiyu.android.app.yanbaojian.R$color: int txt_color
...
android.support.v7.appcompat.R$string: int abc_action_bar_home_description
android.support.v7.appcompat.R$string: int abc_action_bar_up_description
android.support.v7.appcompat.R$string: int abc_action_menu_overflow_description
android.support.v7.appcompat.R$string: int abc_action_mode_done
android.support.v7.appcompat.R$string: int abc_activity_chooser_view_see_all
android.support.v7.appcompat.R$string: int abc_activitychooserview_choose_application
android.support.v7.appcompat.R$string: int abc_searchview_description_clear
android.support.v7.appcompat.R$string: int abc_searchview_description_query
android.support.v7.appcompat.R$string: int abc_searchview_description_search
android.support.v7.appcompat.R$string: int abc_searchview_description_submit
android.support.v7.appcompat.R$string: int abc_searchview_description_voice
android.support.v7.appcompat.R$string: int abc_shareactionprovider_share_with
android.support.v7.appcompat.R$string: int abc_shareactionprovider_share_with_application
android.support.v7.appcompat.R$style: int TextAppearance_AppCompat_Base_CompactMenu_Dialog
android.support.v7.appcompat.R$style: int TextAppearance_AppCompat_Base_SearchResult
android.support.v7.appcompat.R$style: int TextAppearance_AppCompat_Base_SearchResult_Subtitle
android.support.v7.appcompat.R$style: int TextAppearance_AppCompat_Base_SearchResult_Title
android.support.v7.appcompat.R$style: int TextAppearance_AppCompat_Base_Widget_PopupMenu_Large
android.support.v7.appcompat.R$style: int TextAppearance_AppCompat_Base_Widget_PopupMenu_Small
android.support.v7.appcompat.R$style: int TextAppearance_AppCompat_Light_Base_SearchResult
android.support.v7.appcompat.R$style: int TextAppearance_AppCompat_Light_Base_SearchResult_Subtitle
android.support.v7.appcompat.R$style: int TextAppearance_AppCompat_Light_Base_SearchResult_Title
android.support.v7.appcompat.R$style: int TextAppearance_AppCompat_Light_Base_Widget_PopupMenu_Large
android.support.v7.appcompat.R$style: int TextAppearance_AppCompat_Light_Base_Widget_PopupMenu_Small
android.support.v7.appcompat.R$style: int TextAppearance_AppCompat_Light_SearchResult_Subtitle
android.support.v7.appcompat.R$style: int TextAppearance_AppCompat_Light_SearchResult_Title
android.support.v7.appcompat.R$style: int TextAppearance_AppCompat_Light_Widget_PopupMenu_Large
android.support.v7.appcompat.R$style: int TextAppearance_AppCompat_Light_Widget_PopupMenu_Small
android.support.v7.appcompat.R$styleable: int[] ActionBar
android.support.v7.appcompat.R$styleable: int[] ActionBarLayout
android.support.v7.appcompat.R$styleable: int ActionBarLayout_android_layout_gravity
android.support.v7.appcompat.R$styleable: int[] ActionBarWindow
android.support.v7.appcompat.R$styleable: int ActionBarWindow_windowActionBar
android.support.v7.appcompat.R$styleable: int ActionBarWindow_windowActionBarOverlay
android.support.v7.appcompat.R$styleable: int ActionBarWindow_windowSplitActionBar
android.support.v7.appcompat.R$styleable: int ActionBar_background
android.support.v7.appcompat.R$styleable: int ActionBar_backgroundSplit
android.support.v7.appcompat.R$styleable: int ActionBar_backgroundStacked
android.support.v7.appcompat.R$styleable: int ActionBar_customNavigationLayout
android.support.v7.appcompat.R$styleable: int ActionBar_displayOptions
android.support.v7.appcompat.R$styleable: int ActionBar_divider
android.support.v7.appcompat.R$styleable: int ActionBar_height
android.support.v7.appcompat.R$styleable: int ActionBar_homeLayout
android.support.v7.appcompat.R$styleable: int ActionBar_icon
android.support.v7.appcompat.R$styleable: int ActionBar_indeterminateProgressStyle
android.support.v7.appcompat.R$styleable: int ActionBar_itemPadding
android.support.v7.appcompat.R$styleable: int ActionBar_logo
android.support.v7.appcompat.R$styleable: int ActionBar_navigationMode
android.support.v7.appcompat.R$styleable: int ActionBar_progressBarPadding