yanbaojian/proguard/mapping.txt
me.naiyu.android.app.yanbaojian.activities.MainActivity -> me.naiyu.android.app.yanbaojian.activities.MainActivity:
    long mFirstBackDownTime -> o
    android.widget.LinearLayout mAdLayout -> p
    void onCreate(android.os.Bundle) -> onCreate
    boolean onCreateOptionsMenu(android.view.Menu) -> onCreateOptionsMenu
    boolean onOptionsItemSelected(android.view.MenuItem) -> onOptionsItemSelected
    void onResume() -> onResume
    boolean onKeyDown(int,android.view.KeyEvent) -> onKeyDown
me.naiyu.android.app.yanbaojian.activities.YanbaojianActivity -> me.naiyu.android.app.yanbaojian.activities.YanbaojianActivity:
    me.naiyu.android.app.yanbaojian.activities.YanbaojianActivity$PlayReceiver mReceiver -> o
    boolean isPlaying -> p
    boolean isStopped -> q
    me.naiyu.android.app.yanbaojian.fragments.PlayFragment mFragment -> r
    void onCreate(android.os.Bundle) -> onCreate
    boolean onCreateOptionsMenu(android.view.Menu) -> onCreateOptionsMenu
    boolean onOptionsItemSelected(android.view.MenuItem) -> onOptionsItemSelected
    void updateMenu(boolean) -> b
    void handleMusic(int) -> b
    void setTitle(java.lang.CharSequence) -> setTitle
    void setTitle(int) -> setTitle
    void onResume() -> onResume
    void onPause() -> onPause
    void onStop() -> onStop
    void registerPlayReceiver() -> i
    boolean onKeyDown(int,android.view.KeyEvent) -> onKeyDown
    me.naiyu.android.app.yanbaojian.fragments.PlayFragment access$0(me.naiyu.android.app.yanbaojian.activities.YanbaojianActivity) -> a
me.naiyu.android.app.yanbaojian.activities.YanbaojianActivity$PlayReceiver -> me.naiyu.android.app.yanbaojian.activities.a:
    me.naiyu.android.app.yanbaojian.activities.YanbaojianActivity this$0 -> a
    void onReceive(android.content.Context,android.content.Intent) -> onReceive
me.naiyu.android.app.yanbaojian.adapters.ContentPagerAdapter -> me.naiyu.android.app.yanbaojian.a.a:
    java.lang.String[] TITLE_ITEM -> a
    int[] PIC_IDS -> b
    int[] DES_IDS -> c
    android.content.Context mContext -> d
    int getCount() -> a
    boolean isViewFromObject(android.view.View,java.lang.Object) -> a
    java.lang.CharSequence getPageTitle(int) -> a
    java.lang.Object instantiateItem(android.view.ViewGroup,int) -> a
    void destroyItem(android.view.ViewGroup,int,java.lang.Object) -> a
me.naiyu.android.app.yanbaojian.fragments.ContentFragment -> me.naiyu.android.app.yanbaojian.b.a:
    me.naiyu.android.app.yanbaojian.views.SlidingTabLayout mSlidingTabLayout -> P
    android.support.v4.view.ViewPager mViewPager -> Q
    android.view.View onCreateView(android.view.LayoutInflater,android.view.ViewGroup,android.os.Bundle) -> a
    void onViewCreated(android.view.View,android.os.Bundle) -> a
me.naiyu.android.app.yanbaojian.fragments.PlayFragment -> me.naiyu.android.app.yanbaojian.b.b:
    int[] TITLE_IDS -> P
    android.support.v4.view.ViewPager mViewPager -> Q
    android.os.Handler mHandler -> R
    android.view.View onCreateView(android.view.LayoutInflater,android.view.ViewGroup,android.os.Bundle) -> a
    void onViewCreated(android.view.View,android.os.Bundle) -> a
    void setCurrentViewPager(int) -> c
    void setNextViewPager() -> w
    void onPageScrollStateChanged(int) -> b
    void onPageScrolled(int,float,int) -> a
    void onPageSelected(int) -> a
    android.support.v4.view.ViewPager access$0(me.naiyu.android.app.yanbaojian.fragments.PlayFragment) -> a
me.naiyu.android.app.yanbaojian.fragments.PlayFragment$1 -> me.naiyu.android.app.yanbaojian.b.c:
    me.naiyu.android.app.yanbaojian.fragments.PlayFragment this$0 -> a
    void handleMessage(android.os.Message) -> handleMessage
...
android.support.v7.internal.widget.ProgressBarICS$1 -> android.support.v7.internal.widget.ad:
android.support.v7.internal.widget.ProgressBarICS$RefreshProgressRunnable -> android.support.v7.internal.widget.ae:
    int mId -> b
    int mProgress -> c
    boolean mFromUser -> d
    android.support.v7.internal.widget.ProgressBarICS this$0 -> a
    void run() -> run
    void setup(int,int,boolean) -> a
android.support.v7.internal.widget.ProgressBarICS$SavedState -> android.support.v7.internal.widget.ProgressBarICS$SavedState:
    int progress -> a
    int secondaryProgress -> b
    android.os.Parcelable$Creator CREATOR -> CREATOR
    void writeToParcel(android.os.Parcel,int) -> writeToParcel
android.support.v7.internal.widget.ProgressBarICS$SavedState$1 -> android.support.v7.internal.widget.af:
    android.support.v7.internal.widget.ProgressBarICS$SavedState createFromParcel(android.os.Parcel) -> a
    android.support.v7.internal.widget.ProgressBarICS$SavedState[] newArray(int) -> a
    java.lang.Object[] newArray(int) -> newArray
    java.lang.Object createFromParcel(android.os.Parcel) -> createFromParcel
android.support.v7.internal.widget.ScrollingTabContainerView -> android.support.v7.internal.widget.ScrollingTabContainerView:
    java.lang.Runnable mTabSelector -> a
    android.support.v7.internal.widget.ScrollingTabContainerView$TabClickListener mTabClickListener -> d
    android.widget.LinearLayout mTabLayout -> e
    android.support.v7.internal.widget.SpinnerICS mTabSpinner -> f
    boolean mAllowCollapse -> g
    android.view.LayoutInflater mInflater -> h
    int mMaxTabWidth -> b
    int mStackedTabMaxWidth -> c
    int mContentHeight -> i
    int mSelectedTabIndex -> j
    void onMeasure(int,int) -> onMeasure
    boolean isCollapsed() -> a
    void setAllowCollapse(boolean) -> setAllowCollapse
    void performCollapse() -> b
    boolean performExpand() -> c
    void setTabSelected(int) -> setTabSelected
    void setContentHeight(int) -> setContentHeight
    android.support.v7.internal.widget.SpinnerICS createSpinner() -> d
    void onConfigurationChanged(android.content.res.Configuration) -> onConfigurationChanged
    void animateToTab(int) -> a
    void onAttachedToWindow() -> onAttachedToWindow
    void onDetachedFromWindow() -> onDetachedFromWindow
    android.support.v7.internal.widget.ScrollingTabContainerView$TabView createTabView(android.support.v7.app.ActionBar$Tab,boolean) -> a
    void onItemClick(android.support.v7.internal.widget.AdapterViewICS,android.view.View,int,long) -> a
android.support.v7.internal.widget.ScrollingTabContainerView$1 -> android.support.v7.internal.widget.ag:
    android.view.View val$tabView -> a
    android.support.v7.internal.widget.ScrollingTabContainerView this$0 -> b
    void run() -> run
android.support.v7.internal.widget.ScrollingTabContainerView$TabAdapter -> android.support.v7.internal.widget.ah:
    android.support.v7.internal.widget.ScrollingTabContainerView this$0 -> a
    int getCount() -> getCount
    java.lang.Object getItem(int) -> getItem
    long getItemId(int) -> getItemId
    android.view.View getView(int,android.view.View,android.view.ViewGroup) -> getView
android.support.v7.internal.widget.ScrollingTabContainerView$TabClickListener -> android.support.v7.internal.widget.ai:
    android.support.v7.internal.widget.ScrollingTabContainerView this$0 -> a
    void onClick(android.view.View) -> onClick