yanbaojian/proguard/usage.txt
me.naiyu.android.app.yanbaojian.BuildConfig
me.naiyu.android.app.yanbaojian.R
me.naiyu.android.app.yanbaojian.R$anim
me.naiyu.android.app.yanbaojian.R$attr
me.naiyu.android.app.yanbaojian.R$bool
me.naiyu.android.app.yanbaojian.R$color
me.naiyu.android.app.yanbaojian.R$dimen
me.naiyu.android.app.yanbaojian.R$drawable
me.naiyu.android.app.yanbaojian.R$id
me.naiyu.android.app.yanbaojian.R$integer
me.naiyu.android.app.yanbaojian.R$layout
me.naiyu.android.app.yanbaojian.R$menu
me.naiyu.android.app.yanbaojian.R$raw
me.naiyu.android.app.yanbaojian.R$string
me.naiyu.android.app.yanbaojian.R$style
me.naiyu.android.app.yanbaojian.R$styleable
me.naiyu.android.app.yanbaojian.services.MediaService:
    public static final int TAG_PLAY
    public static final int TAG_PAUSE
    public static final int TAG_STOP
    public static final int TAG_STOP_TO_START
    public static final int MSG_FINISH
    public static final int MSG_RESTART
    public static final int MSG_NEXT
me.naiyu.android.app.yanbaojian.utils.UpdateManager:
    private static final int DOWNLOAD
    private static final int DOWNLOAD_FINISH
    86:89:public void checkUpDateHome()
me.naiyu.android.app.yanbaojian.views.SlidingTabLayout:
    private static final int TITLE_OFFSET_DIPS
    private static final int TAB_VIEW_PADDING_DIPS
    private static final int TAB_VIEW_TEXT_SIZE_SP
    151:153:public void setCustomTabView(int,int)
me.naiyu.android.app.yanbaojian.views.SlidingTabStrip:
    private static final int DEFAULT_BOTTOM_BORDER_THICKNESS_DIPS
    private static final byte DEFAULT_BOTTOM_BORDER_COLOR_ALPHA
    private static final int SELECTED_INDICATOR_THICKNESS_DIPS
    private static final int DEFAULT_SELECTED_INDICATOR_COLOR
    private static final int DEFAULT_DIVIDER_THICKNESS_DIPS
    private static final byte DEFAULT_DIVIDER_COLOR_ALPHA
    private static final float DEFAULT_DIVIDER_HEIGHT
...
android.support.v4.accessibilityservice.AccessibilityServiceInfoCompat$AccessibilityServiceInfoVersionImpl
android.support.v4.accessibilityservice.AccessibilityServiceInfoCompatIcs
android.support.v4.accessibilityservice.AccessibilityServiceInfoCompatJellyBeanMr2
android.support.v4.app.ActionBarDrawerToggle
android.support.v4.app.ActionBarDrawerToggle$1
android.support.v4.app.ActionBarDrawerToggle$ActionBarDrawerToggleImpl
android.support.v4.app.ActionBarDrawerToggle$ActionBarDrawerToggleImplBase
android.support.v4.app.ActionBarDrawerToggle$ActionBarDrawerToggleImplHC
android.support.v4.app.ActionBarDrawerToggle$Delegate
android.support.v4.app.ActionBarDrawerToggle$DelegateProvider
android.support.v4.app.ActionBarDrawerToggle$SlideDrawable
android.support.v4.app.ActionBarDrawerToggleHoneycomb
android.support.v4.app.ActionBarDrawerToggleHoneycomb$SetIndicatorInfo
android.support.v4.app.ActivityCompat:
    29:29:public ActivityCompat()
    63:67:public static boolean invalidateOptionsMenu(android.app.Activity)
    88:93:public static void startActivity(android.app.Activity,android.content.Intent,android.os.Bundle)
    116:121:public static void startActivityForResult(android.app.Activity,android.content.Intent,int,android.os.Bundle)
android.support.v4.app.ActivityCompatHoneycomb:
    27:27:ActivityCompatHoneycomb()
    34:35:static void dump(android.app.Activity,java.lang.String,java.io.FileDescriptor,java.io.PrintWriter,java.lang.String[])
android.support.v4.app.ActivityCompatJB:
    24:24:ActivityCompatJB()
    26:27:public static void startActivity(android.content.Context,android.content.Intent,android.os.Bundle)
    30:31:public static void startActivityForResult(android.app.Activity,android.content.Intent,int,android.os.Bundle)
android.support.v4.app.ActivityOptionsCompat
android.support.v4.app.ActivityOptionsCompat$ActivityOptionsImplJB
android.support.v4.app.ActivityOptionsCompatJB
android.support.v4.app.BackStackRecord:
    static final java.lang.String TAG
    static final int OP_NULL
    static final int OP_ADD
    static final int OP_REPLACE
    static final int OP_REMOVE
    static final int OP_HIDE
    static final int OP_SHOW
    static final int OP_DETACH
    static final int OP_ATTACH
    338:338:public int getId()
    342:342:public int getBreadCrumbTitleRes()
    346:346:public int getBreadCrumbShortTitleRes()
    350:353:public java.lang.CharSequence getBreadCrumbTitle()
    357:360:public java.lang.CharSequence getBreadCrumbShortTitle()
    379:380:public android.support.v4.app.FragmentTransaction add(android.support.v4.app.Fragment,java.lang.String)
    384:385:public android.support.v4.app.FragmentTransaction add(int,android.support.v4.app.Fragment)
    434:439:public android.support.v4.app.FragmentTransaction remove(android.support.v4.app.Fragment)
    443:448:public android.support.v4.app.FragmentTransaction hide(android.support.v4.app.Fragment)
    452:457:public android.support.v4.app.FragmentTransaction show(android.support.v4.app.Fragment)
    479:479:public android.support.v4.app.FragmentTransaction setCustomAnimations(int,int)
    484:488:public android.support.v4.app.FragmentTransaction setCustomAnimations(int,int,int,int)
    492:493:public android.support.v4.app.FragmentTransaction setTransition(int)
    497:498:public android.support.v4.app.FragmentTransaction setTransitionStyle(int)
android.support.v4.app.DialogFragment